<?xml version="1.0" encoding="UTF-8"?>
<!-- Generated by org.testng.reporters.JUnitXMLReporter -->
<testsuite ignored="0" hostname="DESKTOP-70BRGDP" failures="0" tests="1" name="calculateCloudPricingAndSendPriceOnEmailOrNot" time="50.295" errors="0" timestamp="24 янв. 2022 10:48:44 GMT">
  <testcase classname="automationTest.framework.test.CloudPricingCalculatorTest" name="calculateCloudPricingAndSendPriceOnEmailOrNot" time="15.472">
    <skipped/>
  </testcase> <!-- calculateCloudPricingAndSendPriceOnEmailOrNot -->
</testsuite> <!-- calculateCloudPricingAndSendPriceOnEmailOrNot -->
